<?xml version="1.0" encoding="UTF-8"?>
<testng-results ignored="0" total="1" passed="1" failed="0" skipped="0">
  <reporter-output>
  </reporter-output>
  <suite started-at="2022-03-02T12:01:09 IST" name="Default suite" finished-at="2022-03-02T12:01:58 IST" duration-ms="48493">
    <groups>
    </groups>
    <test started-at="2022-03-02T12:01:09 IST" name="Default test" finished-at="2022-03-02T12:01:58 IST" duration-ms="48493">
      <class name="scripts.Testcase4">
        <test-method is-config="true" signature="openApp()[pri:0, instance:scripts.Testcase4@353d0772]" started-at="2022-03-02T12:01:09 IST" name="openApp" finished-at="2022-03-02T12:01:31 IST" duration-ms="21839" status="PASS">
          <reporter-output>
          </reporter-output>
        </test-method> <!-- openApp -->
        <test-method signature="TC4()[pri:0, instance:scripts.Testcase4@353d0772]" started-at="2022-03-02T12:01:31 IST" name="TC4" finished-at="2022-03-02T12:01:53 IST" duration-ms="22087" status="PASS">
          <reporter-output>
          </reporter-output>
        </test-method> <!-- TC4 -->
        <test-method is-config="true" signature="closeApp(org.testng.ITestResult)[pri:0, instance:scripts.Testcase4@353d0772]" started-at="2022-03-02T12:01:53 IST" name="closeApp" finished-at="2022-03-02T12:01:58 IST" duration-ms="4454" status="PASS">
          <params>
            <param index="0">
              <value>
                <![CDATA[[TestResult name=TC4 status=SUCCESS method=Testcase4.TC4()[pri:0, instance:scripts.Testcase4@353d0772] output={null}]]]>
              </value>
            </param>
          </params>
          <reporter-output>
          </reporter-output>
        </test-method> <!-- closeApp -->
      </class> <!-- scripts.Testcase4 -->
    </test> <!-- Default test -->
  </suite> <!-- Default suite -->
</testng-results>
